<?xml version="1.0" encoding="UTF-8"?>
<!-- Generated by org.testng.reporters.JUnitReportReporter -->
<testsuite skipped="0" hostname="LAPTOP-K6546IAP" name="com.norw.qa.testcases.HomePageTest" tests="3" failures="0" timestamp="2019-11-20T18:53:00 CET" time="42.373" errors="0">
  <testcase name="homePageTitleTest" time="14.352" classname="com.norw.qa.testcases.HomePageTest"/>
  <testcase name="checkLogoTest" time="12.731" classname="com.norw.qa.testcases.HomePageTest"/>
  <testcase name="loginLnkTest" time="15.290" classname="com.norw.qa.testcases.HomePageTest"/>
</testsuite> <!-- com.norw.qa.testcases.HomePageTest -->
