<?xml version="1.0" encoding="UTF-8"?>
<!-- Generated by org.testng.reporters.JUnitReportReporter -->
<testsuite skipped="0" hostname="LAPTOP-K6546IAP" name="com.norw.qa.testcases.LoginPageTest" tests="1" failures="0" timestamp="2019-11-20T18:53:00 CET" time="15.052" errors="0">
  <testcase name="checkUsrname" time="15.052" classname="com.norw.qa.testcases.LoginPageTest"/>
</testsuite> <!-- com.norw.qa.testcases.LoginPageTest -->
