<?xml version="1.0" encoding="UTF-8"?>
<!-- Generated by org.testng.reporters.JUnitReportReporter -->
<testsuite skipped="0" hostname="LAPTOP-K6546IAP" name="com.norw.qa.testcases.HomePageTest" tests="3" failures="0" timestamp="2019-11-21T18:58:38 CET" time="39.692" errors="0">
  <testcase name="homePageTitleTest" time="13.992" classname="com.norw.qa.testcases.HomePageTest"/>
  <testcase name="checkLogoTest" time="12.840" classname="com.norw.qa.testcases.HomePageTest"/>
  <testcase name="loginLnkTest" time="12.860" classname="com.norw.qa.testcases.HomePageTest"/>
</testsuite> <!-- com.norw.qa.testcases.HomePageTest -->
