<?xml version="1.0" encoding="UTF-8"?>
<!-- Generated by org.testng.reporters.JUnitReportReporter -->
<testsuite skipped="0" hostname="LAPTOP-K6546IAP" name="com.norw.qa.testcases.LoginPageTest" tests="3" failures="0" timestamp="2019-11-21T18:58:38 CET" time="42.734" errors="0">
  <testcase name="checkUsr" time="12.759" classname="com.norw.qa.testcases.LoginPageTest"/>
  <testcase name="checkLogBtn" time="13.961" classname="com.norw.qa.testcases.LoginPageTest"/>
  <testcase name="checkPass" time="16.014" classname="com.norw.qa.testcases.LoginPageTest"/>
</testsuite> <!-- com.norw.qa.testcases.LoginPageTest -->
