<?xml version="1.0" encoding="UTF-8"?>
<!-- Generated by org.testng.reporters.JUnitReportReporter -->
<testsuite skipped="0" hostname="LAPTOP-K6546IAP" name="com.norw.qa.testcases.ChooseFlightDestDatesPageTest" tests="2" failures="0" timestamp="2019-11-21T18:58:37 CET" time="56.451" errors="0">
  <testcase name="validateUsrInCaps" time="26.554" classname="com.norw.qa.testcases.ChooseFlightDestDatesPageTest"/>
  <testcase name="validateSokTab" time="29.897" classname="com.norw.qa.testcases.ChooseFlightDestDatesPageTest"/>
</testsuite> <!-- com.norw.qa.testcases.ChooseFlightDestDatesPageTest -->
